Performing C SOURCE FILE Test CMAKE_HAVE_LIBC_PTHREAD failed with the following output:
Change Dir: /home/esteban/git/pfms-2020a-esteban-andrade/scratch/week07/starter/ex01/build/CMakeFiles/CMakeTmp

Run Build Command(s):/usr/bin/make cmTC_34899/fast && /usr/bin/make  -f CMakeFiles/cmTC_34899.dir/build.make CMakeFiles/cmTC_34899.dir/build
make[1]: Entering directory '/home/esteban/git/pfms-2020a-esteban-andrade/scratch/week07/starter/ex01/build/CMakeFiles/CMakeTmp'
Building C object CMakeFiles/cmTC_34899.dir/src.c.o
/usr/bin/cc   -DCMAKE_HAVE_LIBC_PTHREAD   -o CMakeFiles/cmTC_34899.dir/src.c.o   -c /home/esteban/git/pfms-2020a-esteban-andrade/scratch/week07/starter/ex01/build/CMakeFiles/CMakeTmp/src.c
Linking C executable cmTC_34899
/snap/cmake/340/bin/cmake -E cmake_link_script CMakeFiles/cmTC_34899.dir/link.txt --verbose=1
/usr/bin/cc  -DCMAKE_HAVE_LIBC_PTHREAD    -rdynamic CMakeFiles/cmTC_34899.dir/src.c.o  -o cmTC_34899 
CMakeFiles/cmTC_34899.dir/src.c.o: In function `main':
src.c:(.text+0x3e): undefined reference to `pthread_create'
src.c:(.text+0x4a): undefined reference to `pthread_detach'
src.c:(.text+0x56): undefined reference to `pthread_cancel'
src.c:(.text+0x67): undefined reference to `pthread_join'
src.c:(.text+0x7b): undefined reference to `pthread_atfork'
collect2: error: ld returned 1 exit status
CMakeFiles/cmTC_34899.dir/build.make:106: recipe for target 'cmTC_34899' failed
make[1]: *** [cmTC_34899] Error 1
make[1]: Leaving directory '/home/esteban/git/pfms-2020a-esteban-andrade/scratch/week07/starter/ex01/build/CMakeFiles/CMakeTmp'
Makefile:141: recipe for target 'cmTC_34899/fast' failed
make: *** [cmTC_34899/fast] Error 2


Source file was:
#include <pthread.h>

void* test_func(void* data)
{
  return data;
}

int main(void)
{
  pthread_t thread;
  pthread_create(&thread, NULL, test_func, NULL);
  pthread_detach(thread);
  pthread_cancel(thread);
  pthread_join(thread, NULL);
  pthread_atfork(NULL, NULL, NULL);
  pthread_exit(NULL);

  return 0;
}

Determining if the function pthread_create exists in the pthreads failed with the following output:
Change Dir: /home/esteban/git/pfms-2020a-esteban-andrade/scratch/week07/starter/ex01/build/CMakeFiles/CMakeTmp

Run Build Command(s):/usr/bin/make cmTC_ccadd/fast && /usr/bin/make  -f CMakeFiles/cmTC_ccadd.dir/build.make CMakeFiles/cmTC_ccadd.dir/build
make[1]: Entering directory '/home/esteban/git/pfms-2020a-esteban-andrade/scratch/week07/starter/ex01/build/CMakeFiles/CMakeTmp'
Building C object CMakeFiles/cmTC_ccadd.dir/CheckFunctionExists.c.o
/usr/bin/cc   -DCHECK_FUNCTION_EXISTS=pthread_create   -o CMakeFiles/cmTC_ccadd.dir/CheckFunctionExists.c.o   -c /snap/cmake/340/share/cmake-3.17/Modules/CheckFunctionExists.c
Linking C executable cmTC_ccadd
/snap/cmake/340/bin/cmake -E cmake_link_script CMakeFiles/cmTC_ccadd.dir/link.txt --verbose=1
/usr/bin/cc  -DCHECK_FUNCTION_EXISTS=pthread_create    -rdynamic CMakeFiles/cmTC_ccadd.dir/CheckFunctionExists.c.o  -o cmTC_ccadd  -lpthreads 
/usr/bin/ld: cannot find -lpthreads
collect2: error: ld returned 1 exit status
CMakeFiles/cmTC_ccadd.dir/build.make:106: recipe for target 'cmTC_ccadd' failed
make[1]: *** [cmTC_ccadd] Error 1
make[1]: Leaving directory '/home/esteban/git/pfms-2020a-esteban-andrade/scratch/week07/starter/ex01/build/CMakeFiles/CMakeTmp'
Makefile:141: recipe for target 'cmTC_ccadd/fast' failed
make: *** [cmTC_ccadd/fast] Error 2



