The system is: Linux - sh: 0: getcwd() failed: No such file or directory
5.3.0-53-generic - sh: 0: getcwd() failed: No such file or directory
x86_64
Determining if the C compiler works passed with the following output:
Change Dir: /home/esteban/git/pfms-2020a-esteban-andrade/scratch/Assignment3/a3/build/CMakeFiles/CMakeTmp

Run Build Command:"/usr/bin/make" "cmTC_5ff7a/fast"
/usr/bin/make -f CMakeFiles/cmTC_5ff7a.dir/build.make CMakeFiles/cmTC_5ff7a.dir/build
make[1]: Entering directory '/home/esteban/git/pfms-2020a-esteban-andrade/scratch/Assignment3/a3/build/CMakeFiles/CMakeTmp'
Building C object CMakeFiles/cmTC_5ff7a.dir/testCCompiler.c.o
/usr/bin/gcc-7    -o CMakeFiles/cmTC_5ff7a.dir/testCCompiler.c.o   -c /home/esteban/git/pfms-2020a-esteban-andrade/scratch/Assignment3/a3/build/CMakeFiles/CMakeTmp/testCCompiler.c
Linking C executable cmTC_5ff7a
/usr/bin/cmake -E cmake_link_script CMakeFiles/cmTC_5ff7a.dir/link.txt --verbose=1
/usr/bin/gcc-7      CMakeFiles/cmTC_5ff7a.dir/testCCompiler.c.o  -o cmTC_5ff7a 
make[1]: Leaving directory '/home/esteban/git/pfms-2020a-esteban-andrade/scratch/Assignment3/a3/build/CMakeFiles/CMakeTmp'


Detecting C compiler ABI info compiled with the following output:
Change Dir: /home/esteban/git/pfms-2020a-esteban-andrade/scratch/Assignment3/a3/build/CMakeFiles/CMakeTmp

Run Build Command:"/usr/bin/make" "cmTC_e64b0/fast"
/usr/bin/make -f CMakeFiles/cmTC_e64b0.dir/build.make CMakeFiles/cmTC_e64b0.dir/build
make[1]: Entering directory '/home/esteban/git/pfms-2020a-esteban-andrade/scratch/Assignment3/a3/build/CMakeFiles/CMakeTmp'
Building C object CMakeFiles/cmTC_e64b0.dir/CMakeCCompilerABI.c.o
/usr/bin/gcc-7    -o CMakeFiles/cmTC_e64b0.dir/CMakeCCompilerABI.c.o   -c /usr/share/cmake-3.10/Modules/CMakeCCompilerABI.c
Linking C executable cmTC_e64b0
/usr/bin/cmake -E cmake_link_script CMakeFiles/cmTC_e64b0.dir/link.txt --verbose=1
/usr/bin/gcc-7      CMakeFiles/cmTC_e64b0.dir/CMakeCCompilerABI.c.o  -o cmTC_e64b0 
make[1]: Leaving directory '/home/esteban/git/pfms-2020a-esteban-andrade/scratch/Assignment3/a3/build/CMakeFiles/CMakeTmp'


Determining if the CXX compiler works passed with the following output:
Change Dir: /home/esteban/git/pfms-2020a-esteban-andrade/scratch/Assignment3/a3/build/CMakeFiles/CMakeTmp

Run Build Command:"/usr/bin/make" "cmTC_e2888/fast"
/usr/bin/make -f CMakeFiles/cmTC_e2888.dir/build.make CMakeFiles/cmTC_e2888.dir/build
make[1]: Entering directory '/home/esteban/git/pfms-2020a-esteban-andrade/scratch/Assignment3/a3/build/CMakeFiles/CMakeTmp'
Building CXX object CMakeFiles/cmTC_e2888.dir/testCXXCompiler.cxx.o
/usr/bin/g++-7     -o CMakeFiles/cmTC_e2888.dir/testCXXCompiler.cxx.o -c /home/esteban/git/pfms-2020a-esteban-andrade/scratch/Assignment3/a3/build/CMakeFiles/CMakeTmp/testCXXCompiler.cxx
Linking CXX executable cmTC_e2888
/usr/bin/cmake -E cmake_link_script CMakeFiles/cmTC_e2888.dir/link.txt --verbose=1
/usr/bin/g++-7       CMakeFiles/cmTC_e2888.dir/testCXXCompiler.cxx.o  -o cmTC_e2888 
make[1]: Leaving directory '/home/esteban/git/pfms-2020a-esteban-andrade/scratch/Assignment3/a3/build/CMakeFiles/CMakeTmp'


Detecting CXX compiler ABI info compiled with the following output:
Change Dir: /home/esteban/git/pfms-2020a-esteban-andrade/scratch/Assignment3/a3/build/CMakeFiles/CMakeTmp

Run Build Command:"/usr/bin/make" "cmTC_3b029/fast"
/usr/bin/make -f CMakeFiles/cmTC_3b029.dir/build.make CMakeFiles/cmTC_3b029.dir/build
make[1]: Entering directory '/home/esteban/git/pfms-2020a-esteban-andrade/scratch/Assignment3/a3/build/CMakeFiles/CMakeTmp'
Building CXX object CMakeFiles/cmTC_3b029.dir/CMakeCXXCompilerABI.cpp.o
/usr/bin/g++-7     -o CMakeFiles/cmTC_3b029.dir/CMakeCXXCompilerABI.cpp.o -c /usr/share/cmake-3.10/Modules/CMakeCXXCompilerABI.cpp
Linking CXX executable cmTC_3b029
/usr/bin/cmake -E cmake_link_script CMakeFiles/cmTC_3b029.dir/link.txt --verbose=1
/usr/bin/g++-7       CMakeFiles/cmTC_3b029.dir/CMakeCXXCompilerABI.cpp.o  -o cmTC_3b029 
make[1]: Leaving directory '/home/esteban/git/pfms-2020a-esteban-andrade/scratch/Assignment3/a3/build/CMakeFiles/CMakeTmp'


Determining if the include file pthread.h exists passed with the following output:
Change Dir: /home/esteban/git/pfms-2020a-esteban-andrade/scratch/Assignment3/a3/build/CMakeFiles/CMakeTmp

Run Build Command:"/usr/bin/make" "cmTC_b9094/fast"
/usr/bin/make -f CMakeFiles/cmTC_b9094.dir/build.make CMakeFiles/cmTC_b9094.dir/build
make[1]: Entering directory '/home/esteban/git/pfms-2020a-esteban-andrade/scratch/Assignment3/a3/build/CMakeFiles/CMakeTmp'
Building C object CMakeFiles/cmTC_b9094.dir/CheckIncludeFile.c.o
/usr/bin/gcc-7    -o CMakeFiles/cmTC_b9094.dir/CheckIncludeFile.c.o   -c /home/esteban/git/pfms-2020a-esteban-andrade/scratch/Assignment3/a3/build/CMakeFiles/CMakeTmp/CheckIncludeFile.c
Linking C executable cmTC_b9094
/usr/bin/cmake -E cmake_link_script CMakeFiles/cmTC_b9094.dir/link.txt --verbose=1
/usr/bin/gcc-7      CMakeFiles/cmTC_b9094.dir/CheckIncludeFile.c.o  -o cmTC_b9094 
make[1]: Leaving directory '/home/esteban/git/pfms-2020a-esteban-andrade/scratch/Assignment3/a3/build/CMakeFiles/CMakeTmp'


Determining if the function pthread_create exists in the pthread passed with the following output:
Change Dir: /home/esteban/git/pfms-2020a-esteban-andrade/scratch/Assignment3/a3/build/CMakeFiles/CMakeTmp

Run Build Command:"/usr/bin/make" "cmTC_33f50/fast"
/usr/bin/make -f CMakeFiles/cmTC_33f50.dir/build.make CMakeFiles/cmTC_33f50.dir/build
make[1]: Entering directory '/home/esteban/git/pfms-2020a-esteban-andrade/scratch/Assignment3/a3/build/CMakeFiles/CMakeTmp'
Building C object CMakeFiles/cmTC_33f50.dir/CheckFunctionExists.c.o
/usr/bin/gcc-7   -DCHECK_FUNCTION_EXISTS=pthread_create   -o CMakeFiles/cmTC_33f50.dir/CheckFunctionExists.c.o   -c /usr/share/cmake-3.10/Modules/CheckFunctionExists.c
Linking C executable cmTC_33f50
/usr/bin/cmake -E cmake_link_script CMakeFiles/cmTC_33f50.dir/link.txt --verbose=1
/usr/bin/gcc-7  -DCHECK_FUNCTION_EXISTS=pthread_create    CMakeFiles/cmTC_33f50.dir/CheckFunctionExists.c.o  -o cmTC_33f50 -lpthread 
make[1]: Leaving directory '/home/esteban/git/pfms-2020a-esteban-andrade/scratch/Assignment3/a3/build/CMakeFiles/CMakeTmp'


