Determining if the pthread_create exist failed with the following output:
Change Dir: /home/esteban/git/pfms-2020a-esteban-andrade/quizzes/review6/a/build/CMakeFiles/CMakeTmp

Run Build Command:"/usr/bin/make" "cmTC_ce678/fast"
/usr/bin/make -f CMakeFiles/cmTC_ce678.dir/build.make CMakeFiles/cmTC_ce678.dir/build
make[1]: Entering directory '/home/esteban/git/pfms-2020a-esteban-andrade/quizzes/review6/a/build/CMakeFiles/CMakeTmp'
Building C object CMakeFiles/cmTC_ce678.dir/CheckSymbolExists.c.o
/usr/bin/cc    -o CMakeFiles/cmTC_ce678.dir/CheckSymbolExists.c.o   -c /home/esteban/git/pfms-2020a-esteban-andrade/quizzes/review6/a/build/CMakeFiles/CMakeTmp/CheckSymbolExists.c
Linking C executable cmTC_ce678
/usr/bin/cmake -E cmake_link_script CMakeFiles/cmTC_ce678.dir/link.txt --verbose=1
/usr/bin/cc      -rdynamic CMakeFiles/cmTC_ce678.dir/CheckSymbolExists.c.o  -o cmTC_ce678 
CMakeFiles/cmTC_ce678.dir/CheckSymbolExists.c.o: In function `main':
CheckSymbolExists.c:(.text+0x1b): undefined reference to `pthread_create'
collect2: error: ld returned 1 exit status
CMakeFiles/cmTC_ce678.dir/build.make:97: recipe for target 'cmTC_ce678' failed
make[1]: *** [cmTC_ce678] Error 1
make[1]: Leaving directory '/home/esteban/git/pfms-2020a-esteban-andrade/quizzes/review6/a/build/CMakeFiles/CMakeTmp'
Makefile:126: recipe for target 'cmTC_ce678/fast' failed
make: *** [cmTC_ce678/fast] Error 2

File /home/esteban/git/pfms-2020a-esteban-andrade/quizzes/review6/a/build/CMakeFiles/CMakeTmp/CheckSymbolExists.c:
/* */
#include <pthread.h>

int main(int argc, char** argv)
{
  (void)argv;
#ifndef pthread_create
  return ((int*)(&pthread_create))[argc];
#else
  (void)argc;
  return 0;
#endif
}

Determining if the function pthread_create exists in the pthreads failed with the following output:
Change Dir: /home/esteban/git/pfms-2020a-esteban-andrade/quizzes/review6/a/build/CMakeFiles/CMakeTmp

Run Build Command:"/usr/bin/make" "cmTC_a2541/fast"
/usr/bin/make -f CMakeFiles/cmTC_a2541.dir/build.make CMakeFiles/cmTC_a2541.dir/build
make[1]: Entering directory '/home/esteban/git/pfms-2020a-esteban-andrade/quizzes/review6/a/build/CMakeFiles/CMakeTmp'
Building C object CMakeFiles/cmTC_a2541.dir/CheckFunctionExists.c.o
/usr/bin/cc   -DCHECK_FUNCTION_EXISTS=pthread_create   -o CMakeFiles/cmTC_a2541.dir/CheckFunctionExists.c.o   -c /usr/share/cmake-3.10/Modules/CheckFunctionExists.c
Linking C executable cmTC_a2541
/usr/bin/cmake -E cmake_link_script CMakeFiles/cmTC_a2541.dir/link.txt --verbose=1
/usr/bin/cc  -DCHECK_FUNCTION_EXISTS=pthread_create    -rdynamic CMakeFiles/cmTC_a2541.dir/CheckFunctionExists.c.o  -o cmTC_a2541 -lpthreads 
/usr/bin/ld: cannot find -lpthreads
collect2: error: ld returned 1 exit status
CMakeFiles/cmTC_a2541.dir/build.make:97: recipe for target 'cmTC_a2541' failed
make[1]: *** [cmTC_a2541] Error 1
make[1]: Leaving directory '/home/esteban/git/pfms-2020a-esteban-andrade/quizzes/review6/a/build/CMakeFiles/CMakeTmp'
Makefile:126: recipe for target 'cmTC_a2541/fast' failed
make: *** [cmTC_a2541/fast] Error 2


